2023-09-10 16:24:32.667  INFO 32088 --- [main] m.e.ExcelToSqltestApplication            : Starting ExcelToSqltestApplication using Java 16.0.2 on mao with PID 32088 (D:\程序\2023Q3\excel-to-sqltest\target\classes started by mao in D:\程序\2023Q3\excel-to-sqltest)
2023-09-10 16:24:32.669 DEBUG 32088 --- [main] m.e.ExcelToSqltestApplication            : Running with Spring Boot v2.7.1, Spring v5.3.21
2023-09-10 16:24:32.669  INFO 32088 --- [main] m.e.ExcelToSqltestApplication            : No active profile set, falling back to 1 default profile: "default"
2023-09-10 16:24:32.883  WARN 32088 --- [main] o.m.s.mapper.ClassPathMapperScanner      : No MyBatis mapper was found in '[mao.excel_to_sql_test]' package. Please check your configuration.
2023-09-10 16:24:32.968  INFO 32088 --- [main] c.a.d.s.b.a.DruidDataSourceAutoConfigure : Init DruidDataSource
2023-09-10 16:24:33.076  INFO 32088 --- [main] com.alibaba.druid.pool.DruidDataSource   : {dataSource-1} inited
2023-09-10 16:24:33.182  INFO 32088 --- [main] m.e.ExcelToSqltestApplication            : Started ExcelToSqltestApplication in 0.707 seconds (JVM running for 0.947)
2023-09-10 16:24:33.185  INFO 32088 --- [SpringApplicationShutdownHook] com.alibaba.druid.pool.DruidDataSource   : {dataSource-1} closing ...
2023-09-10 16:24:33.186  INFO 32088 --- [SpringApplicationShutdownHook] com.alibaba.druid.pool.DruidDataSource   : {dataSource-1} closed
2023-09-10 16:27:05.542  INFO 33108 --- [main] m.e.ExcelToSqltestApplication            : Starting ExcelToSqltestApplication using Java 16.0.2 on mao with PID 33108 (D:\程序\2023Q3\excel-to-sqltest\target\classes started by mao in D:\程序\2023Q3\excel-to-sqltest)
2023-09-10 16:27:05.543 DEBUG 33108 --- [main] m.e.ExcelToSqltestApplication            : Running with Spring Boot v2.7.1, Spring v5.3.21
2023-09-10 16:27:05.544  INFO 33108 --- [main] m.e.ExcelToSqltestApplication            : No active profile set, falling back to 1 default profile: "default"
2023-09-10 16:27:05.719  WARN 33108 --- [main] o.m.s.mapper.ClassPathMapperScanner      : No MyBatis mapper was found in '[mao.excel_to_sql_test]' package. Please check your configuration.
2023-09-10 16:27:05.779  INFO 33108 --- [main] c.a.d.s.b.a.DruidDataSourceAutoConfigure : Init DruidDataSource
2023-09-10 16:27:05.864  INFO 33108 --- [main] com.alibaba.druid.pool.DruidDataSource   : {dataSource-1} inited
2023-09-10 16:27:05.991  INFO 33108 --- [main] m.e.ExcelToSqltestApplication            : Started ExcelToSqltestApplication in 0.619 seconds (JVM running for 0.862)
2023-09-10 16:27:05.993  INFO 33108 --- [SpringApplicationShutdownHook] com.alibaba.druid.pool.DruidDataSource   : {dataSource-1} closing ...
2023-09-10 16:27:05.994  INFO 33108 --- [SpringApplicationShutdownHook] com.alibaba.druid.pool.DruidDataSource   : {dataSource-1} closed
2023-09-10 16:27:26.883  INFO 21860 --- [main] m.e.ExcelToSqltestApplication            : Starting ExcelToSqltestApplication using Java 16.0.2 on mao with PID 21860 (D:\程序\2023Q3\excel-to-sqltest\target\classes started by mao in D:\程序\2023Q3\excel-to-sqltest)
2023-09-10 16:27:26.884 DEBUG 21860 --- [main] m.e.ExcelToSqltestApplication            : Running with Spring Boot v2.7.1, Spring v5.3.21
2023-09-10 16:27:26.884  INFO 21860 --- [main] m.e.ExcelToSqltestApplication            : No active profile set, falling back to 1 default profile: "default"
2023-09-10 16:27:27.065  WARN 21860 --- [main] o.m.s.mapper.ClassPathMapperScanner      : No MyBatis mapper was found in '[mao.excel_to_sql_test]' package. Please check your configuration.
2023-09-10 16:27:27.120 DEBUG 21860 --- [main] mao.excel_to_sql_test.TestService        : 开始
2023-09-10 16:27:27.130  INFO 21860 --- [main] c.a.d.s.b.a.DruidDataSourceAutoConfigure : Init DruidDataSource
2023-09-10 16:27:27.232  INFO 21860 --- [main] com.alibaba.druid.pool.DruidDataSource   : {dataSource-1} inited
2023-09-10 16:27:27.316  INFO 21860 --- [main] m.e.ExcelToSqltestApplication            : Started ExcelToSqltestApplication in 0.6 seconds (JVM running for 0.831)
2023-09-10 16:27:27.319  INFO 21860 --- [SpringApplicationShutdownHook] com.alibaba.druid.pool.DruidDataSource   : {dataSource-1} closing ...
2023-09-10 16:27:27.319  INFO 21860 --- [SpringApplicationShutdownHook] com.alibaba.druid.pool.DruidDataSource   : {dataSource-1} closed
2023-09-10 16:29:34.711  INFO 22760 --- [main] m.e.ExcelToSqltestApplication            : Starting ExcelToSqltestApplication using Java 16.0.2 on mao with PID 22760 (D:\程序\2023Q3\excel-to-sqltest\target\classes started by mao in D:\程序\2023Q3\excel-to-sqltest)
2023-09-10 16:29:34.712 DEBUG 22760 --- [main] m.e.ExcelToSqltestApplication            : Running with Spring Boot v2.7.1, Spring v5.3.21
2023-09-10 16:29:34.713  INFO 22760 --- [main] m.e.ExcelToSqltestApplication            : No active profile set, falling back to 1 default profile: "default"
2023-09-10 16:29:34.885  WARN 22760 --- [main] o.m.s.mapper.ClassPathMapperScanner      : No MyBatis mapper was found in '[mao.excel_to_sql_test]' package. Please check your configuration.
2023-09-10 16:29:34.953  INFO 22760 --- [main] c.a.d.s.b.a.DruidDataSourceAutoConfigure : Init DruidDataSource
2023-09-10 16:29:35.034  INFO 22760 --- [main] com.alibaba.druid.pool.DruidDataSource   : {dataSource-1} inited
2023-09-10 16:29:35.082 DEBUG 22760 --- [main] mao.excel_to_sql_test.TestService        : 开始
2023-09-10 16:29:35.086  WARN 22760 --- [main] s.c.a.AnnotationConfigApplicationContext : Exception encountered during context initialization - cancelling refresh attempt: org.springframework.beans.factory.BeanCreationException: Error creating bean with name 'testService': Invocation of init method failed; nested exception is org.mybatis.spring.MyBatisSystemException: nested exception is org.apache.ibatis.exceptions.PersistenceException: 
### Error querying database.  Cause: java.lang.IllegalArgumentException: Mapped Statements collection does not contain value for select * from test
### Cause: java.lang.IllegalArgumentException: Mapped Statements collection does not contain value for select * from test
2023-09-10 16:29:35.086  INFO 22760 --- [main] com.alibaba.druid.pool.DruidDataSource   : {dataSource-1} closing ...
2023-09-10 16:29:35.087  INFO 22760 --- [main] com.alibaba.druid.pool.DruidDataSource   : {dataSource-1} closed
2023-09-10 16:29:35.090  INFO 22760 --- [main] ConditionEvaluationReportLoggingListener : 

Error starting ApplicationContext. To display the conditions report re-run your application with 'debug' enabled.
2023-09-10 16:29:35.098 ERROR 22760 --- [main] o.s.boot.SpringApplication               : Application run failed

org.springframework.beans.factory.BeanCreationException: Error creating bean with name 'testService': Invocation of init method failed; nested exception is org.mybatis.spring.MyBatisSystemException: nested exception is org.apache.ibatis.exceptions.PersistenceException: 
### Error querying database.  Cause: java.lang.IllegalArgumentException: Mapped Statements collection does not contain value for select * from test
### Cause: java.lang.IllegalArgumentException: Mapped Statements collection does not contain value for select * from test
	at org.springframework.beans.factory.annotation.InitDestroyAnnotationBeanPostProcessor.postProcessBeforeInitialization(InitDestroyAnnotationBeanPostProcessor.java:160) ~[spring-beans-5.3.21.jar:5.3.21]
	at org.springframework.beans.factory.support.AbstractAutowireCapableBeanFactory.applyBeanPostProcessorsBeforeInitialization(AbstractAutowireCapableBeanFactory.java:440) ~[spring-beans-5.3.21.jar:5.3.21]
	at org.springframework.beans.factory.support.AbstractAutowireCapableBeanFactory.initializeBean(AbstractAutowireCapableBeanFactory.java:1796) ~[spring-beans-5.3.21.jar:5.3.21]
	at org.springframework.beans.factory.support.AbstractAutowireCapableBeanFactory.doCreateBean(AbstractAutowireCapableBeanFactory.java:620) ~[spring-beans-5.3.21.jar:5.3.21]
	at org.springframework.beans.factory.support.AbstractAutowireCapableBeanFactory.createBean(AbstractAutowireCapableBeanFactory.java:542) ~[spring-beans-5.3.21.jar:5.3.21]
	at org.springframework.beans.factory.support.AbstractBeanFactory.lambda$doGetBean$0(AbstractBeanFactory.java:335) ~[spring-beans-5.3.21.jar:5.3.21]
	at org.springframework.beans.factory.support.DefaultSingletonBeanRegistry.getSingleton(DefaultSingletonBeanRegistry.java:234) ~[spring-beans-5.3.21.jar:5.3.21]
	at org.springframework.beans.factory.support.AbstractBeanFactory.doGetBean(AbstractBeanFactory.java:333) ~[spring-beans-5.3.21.jar:5.3.21]
	at org.springframework.beans.factory.support.AbstractBeanFactory.getBean(AbstractBeanFactory.java:208) ~[spring-beans-5.3.21.jar:5.3.21]
	at org.springframework.beans.factory.support.DefaultListableBeanFactory.preInstantiateSingletons(DefaultListableBeanFactory.java:955) ~[spring-beans-5.3.21.jar:5.3.21]
	at org.springframework.context.support.AbstractApplicationContext.finishBeanFactoryInitialization(AbstractApplicationContext.java:918) ~[spring-context-5.3.21.jar:5.3.21]
	at org.springframework.context.support.AbstractApplicationContext.refresh(AbstractApplicationContext.java:583) ~[spring-context-5.3.21.jar:5.3.21]
	at org.springframework.boot.SpringApplication.refresh(SpringApplication.java:734) ~[spring-boot-2.7.1.jar:2.7.1]
	at org.springframework.boot.SpringApplication.refreshContext(SpringApplication.java:408) ~[spring-boot-2.7.1.jar:2.7.1]
	at org.springframework.boot.SpringApplication.run(SpringApplication.java:308) ~[spring-boot-2.7.1.jar:2.7.1]
	at org.springframework.boot.SpringApplication.run(SpringApplication.java:1306) ~[spring-boot-2.7.1.jar:2.7.1]
	at org.springframework.boot.SpringApplication.run(SpringApplication.java:1295) ~[spring-boot-2.7.1.jar:2.7.1]
	at mao.excel_to_sql_test.ExcelToSqltestApplication.main(ExcelToSqltestApplication.java:12) ~[classes/:na]
Caused by: org.mybatis.spring.MyBatisSystemException: nested exception is org.apache.ibatis.exceptions.PersistenceException: 
### Error querying database.  Cause: java.lang.IllegalArgumentException: Mapped Statements collection does not contain value for select * from test
### Cause: java.lang.IllegalArgumentException: Mapped Statements collection does not contain value for select * from test
	at org.mybatis.spring.MyBatisExceptionTranslator.translateExceptionIfPossible(MyBatisExceptionTranslator.java:96) ~[mybatis-spring-2.0.6.jar:2.0.6]
	at org.mybatis.spring.SqlSessionTemplate$SqlSessionInterceptor.invoke(SqlSessionTemplate.java:441) ~[mybatis-spring-2.0.6.jar:2.0.6]
	at jdk.proxy2/jdk.proxy2.$Proxy47.selectList(Unknown Source) ~[na:na]
	at org.mybatis.spring.SqlSessionTemplate.selectList(SqlSessionTemplate.java:216) ~[mybatis-spring-2.0.6.jar:2.0.6]
	at mao.excel_to_sql_test.TestService.init(TestService.java:36) ~[classes/:na]
	at java.base/jdk.internal.reflect.NativeMethodAccessorImpl.invoke0(Native Method) ~[na:na]
	at java.base/jdk.internal.reflect.NativeMethodAccessorImpl.invoke(NativeMethodAccessorImpl.java:78) ~[na:na]
	at java.base/jdk.internal.reflect.DelegatingMethodAccessorImpl.invoke(DelegatingMethodAccessorImpl.java:43) ~[na:na]
	at java.base/java.lang.reflect.Method.invoke(Method.java:567) ~[na:na]
	at org.springframework.beans.factory.annotation.InitDestroyAnnotationBeanPostProcessor$LifecycleElement.invoke(InitDestroyAnnotationBeanPostProcessor.java:389) ~[spring-beans-5.3.21.jar:5.3.21]
	at org.springframework.beans.factory.annotation.InitDestroyAnnotationBeanPostProcessor$LifecycleMetadata.invokeInitMethods(InitDestroyAnnotationBeanPostProcessor.java:333) ~[spring-beans-5.3.21.jar:5.3.21]
	at org.springframework.beans.factory.annotation.InitDestroyAnnotationBeanPostProcessor.postProcessBeforeInitialization(InitDestroyAnnotationBeanPostProcessor.java:157) ~[spring-beans-5.3.21.jar:5.3.21]
	... 17 common frames omitted
Caused by: org.apache.ibatis.exceptions.PersistenceException: 
### Error querying database.  Cause: java.lang.IllegalArgumentException: Mapped Statements collection does not contain value for select * from test
### Cause: java.lang.IllegalArgumentException: Mapped Statements collection does not contain value for select * from test
	at org.apache.ibatis.exceptions.ExceptionFactory.wrapException(ExceptionFactory.java:30) ~[mybatis-3.5.9.jar:3.5.9]
	at org.apache.ibatis.session.defaults.DefaultSqlSession.selectList(DefaultSqlSession.java:153) ~[mybatis-3.5.9.jar:3.5.9]
	at org.apache.ibatis.session.defaults.DefaultSqlSession.selectList(DefaultSqlSession.java:145) ~[mybatis-3.5.9.jar:3.5.9]
	at org.apache.ibatis.session.defaults.DefaultSqlSession.selectList(DefaultSqlSession.java:140) ~[mybatis-3.5.9.jar:3.5.9]
	at org.apache.ibatis.session.defaults.DefaultSqlSession.selectList(DefaultSqlSession.java:135) ~[mybatis-3.5.9.jar:3.5.9]
	at java.base/jdk.internal.reflect.NativeMethodAccessorImpl.invoke0(Native Method) ~[na:na]
	at java.base/jdk.internal.reflect.NativeMethodAccessorImpl.invoke(NativeMethodAccessorImpl.java:78) ~[na:na]
	at java.base/jdk.internal.reflect.DelegatingMethodAccessorImpl.invoke(DelegatingMethodAccessorImpl.java:43) ~[na:na]
	at java.base/java.lang.reflect.Method.invoke(Method.java:567) ~[na:na]
	at org.mybatis.spring.SqlSessionTemplate$SqlSessionInterceptor.invoke(SqlSessionTemplate.java:427) ~[mybatis-spring-2.0.6.jar:2.0.6]
	... 27 common frames omitted
Caused by: java.lang.IllegalArgumentException: Mapped Statements collection does not contain value for select * from test
	at com.baomidou.mybatisplus.core.MybatisConfiguration$StrictMap.get(MybatisConfiguration.java:445) ~[mybatis-plus-core-3.5.1.jar:3.5.1]
	at com.baomidou.mybatisplus.core.MybatisConfiguration.getMappedStatement(MybatisConfiguration.java:344) ~[mybatis-plus-core-3.5.1.jar:3.5.1]
	at com.baomidou.mybatisplus.core.MybatisConfiguration.getMappedStatement(MybatisConfiguration.java:336) ~[mybatis-plus-core-3.5.1.jar:3.5.1]
	at org.apache.ibatis.session.defaults.DefaultSqlSession.selectList(DefaultSqlSession.java:150) ~[mybatis-3.5.9.jar:3.5.9]
	... 35 common frames omitted

2023-09-10 16:38:01.143  INFO 19212 --- [main] m.e.ExcelToSqltestApplication            : Starting ExcelToSqltestApplication using Java 16.0.2 on mao with PID 19212 (D:\程序\2023Q3\excel-to-sqltest\target\classes started by mao in D:\程序\2023Q3\excel-to-sqltest)
2023-09-10 16:38:01.144 DEBUG 19212 --- [main] m.e.ExcelToSqltestApplication            : Running with Spring Boot v2.7.1, Spring v5.3.21
2023-09-10 16:38:01.145  INFO 19212 --- [main] m.e.ExcelToSqltestApplication            : No active profile set, falling back to 1 default profile: "default"
2023-09-10 16:38:01.320  WARN 19212 --- [main] o.m.s.mapper.ClassPathMapperScanner      : No MyBatis mapper was found in '[mao.excel_to_sql_test]' package. Please check your configuration.
2023-09-10 16:38:01.390  INFO 19212 --- [main] c.a.d.s.b.a.DruidDataSourceAutoConfigure : Init DruidDataSource
2023-09-10 16:38:01.443  INFO 19212 --- [main] com.alibaba.druid.pool.DruidDataSource   : {dataSource-1} inited
2023-09-10 16:38:01.480 DEBUG 19212 --- [main] mao.excel_to_sql_test.TestService        : 开始
2023-09-10 16:38:01.525  INFO 19212 --- [main] m.e.ExcelToSqltestApplication            : Started ExcelToSqltestApplication in 0.55 seconds (JVM running for 0.784)
2023-09-10 16:38:01.528  INFO 19212 --- [SpringApplicationShutdownHook] com.alibaba.druid.pool.DruidDataSource   : {dataSource-1} closing ...
2023-09-10 16:38:01.528  INFO 19212 --- [SpringApplicationShutdownHook] com.alibaba.druid.pool.DruidDataSource   : {dataSource-1} closed
2023-09-10 16:39:48.612  INFO 25872 --- [main] m.e.ExcelToSqltestApplication            : Starting ExcelToSqltestApplication using Java 16.0.2 on mao with PID 25872 (D:\程序\2023Q3\excel-to-sqltest\target\classes started by mao in D:\程序\2023Q3\excel-to-sqltest)
2023-09-10 16:39:48.613 DEBUG 25872 --- [main] m.e.ExcelToSqltestApplication            : Running with Spring Boot v2.7.1, Spring v5.3.21
2023-09-10 16:39:48.613  INFO 25872 --- [main] m.e.ExcelToSqltestApplication            : No active profile set, falling back to 1 default profile: "default"
2023-09-10 16:39:48.834  WARN 25872 --- [main] o.m.s.mapper.ClassPathMapperScanner      : No MyBatis mapper was found in '[mao.excel_to_sql_test]' package. Please check your configuration.
2023-09-10 16:39:48.938  INFO 25872 --- [main] c.a.d.s.b.a.DruidDataSourceAutoConfigure : Init DruidDataSource
2023-09-10 16:39:49.020  INFO 25872 --- [main] com.alibaba.druid.pool.DruidDataSource   : {dataSource-1} inited
2023-09-10 16:39:49.066 DEBUG 25872 --- [main] mao.excel_to_sql_test.TestService        : 开始
2023-09-10 16:39:49.067 DEBUG 25872 --- [main] mao.excel_to_sql_test.TestService        : insert into test values();
2023-09-10 16:39:49.123  INFO 25872 --- [main] m.e.ExcelToSqltestApplication            : Started ExcelToSqltestApplication in 0.749 seconds (JVM running for 0.984)
2023-09-10 16:39:49.129  INFO 25872 --- [SpringApplicationShutdownHook] com.alibaba.druid.pool.DruidDataSource   : {dataSource-1} closing ...
2023-09-10 16:39:49.130  INFO 25872 --- [SpringApplicationShutdownHook] com.alibaba.druid.pool.DruidDataSource   : {dataSource-1} closed
2023-09-10 16:41:47.343  INFO 45248 --- [main] m.e.ExcelToSqltestApplication            : Starting ExcelToSqltestApplication using Java 16.0.2 on mao with PID 45248 (D:\程序\2023Q3\excel-to-sqltest\target\classes started by mao in D:\程序\2023Q3\excel-to-sqltest)
2023-09-10 16:41:47.344 DEBUG 45248 --- [main] m.e.ExcelToSqltestApplication            : Running with Spring Boot v2.7.1, Spring v5.3.21
2023-09-10 16:41:47.344  INFO 45248 --- [main] m.e.ExcelToSqltestApplication            : No active profile set, falling back to 1 default profile: "default"
2023-09-10 16:41:47.577  WARN 45248 --- [main] o.m.s.mapper.ClassPathMapperScanner      : No MyBatis mapper was found in '[mao.excel_to_sql_test]' package. Please check your configuration.
2023-09-10 16:41:47.679  INFO 45248 --- [main] c.a.d.s.b.a.DruidDataSourceAutoConfigure : Init DruidDataSource
2023-09-10 16:41:47.824  INFO 45248 --- [main] com.alibaba.druid.pool.DruidDataSource   : {dataSource-1} inited
2023-09-10 16:41:47.867 DEBUG 45248 --- [main] mao.excel_to_sql_test.TestService        : 开始
2023-09-10 16:41:47.868 DEBUG 45248 --- [main] mao.excel_to_sql_test.TestService        : insert into test values(张三);
2023-09-10 16:41:47.926  INFO 45248 --- [main] m.e.ExcelToSqltestApplication            : Started ExcelToSqltestApplication in 0.742 seconds (JVM running for 0.981)
2023-09-10 16:41:47.931  INFO 45248 --- [SpringApplicationShutdownHook] com.alibaba.druid.pool.DruidDataSource   : {dataSource-1} closing ...
2023-09-10 16:41:47.931  INFO 45248 --- [SpringApplicationShutdownHook] com.alibaba.druid.pool.DruidDataSource   : {dataSource-1} closed
