2023-10-07 11:12:51.244  INFO 16860 --- [main] m.e.service.impl.RunServiceImpl          : 模板：insert into 表名 (线路编号,线路名称,管理单位,收运时间段,车牌号,司机,联系电话) values(${线路编号},${线路名称},${管理单位},${收运时间段},${车牌号},${司机},${联系电话});
2023-10-07 11:12:51.246  INFO 16860 --- [main] m.e.service.impl.RunServiceImpl          : 开始生成
2023-10-07 11:12:51.246 DEBUG 16860 --- [main] m.e.service.impl.SqlServiceImpl          : 模板：insert into 表名 (线路编号,线路名称,管理单位,收运时间段,车牌号,司机,联系电话) values(${线路编号},${线路名称},${管理单位},${收运时间段},${车牌号},${司机},${联系电话});
2023-10-07 11:12:51.254 DEBUG 16860 --- [main] m.e.service.impl.SqlServiceImpl          : 记录：insert into 表名 (线路编号,线路名称,管理单位,收运时间段,车牌号,司机,联系电话) values(33.0,东涌089线,南沙车队,5:30:00-18:00:00,粤AKE089,严洪强,1.3926148987E10);
2023-10-07 11:12:51.255 DEBUG 16860 --- [main] m.e.service.impl.SqlServiceImpl          : 记录：insert into 表名 (线路编号,线路名称,管理单位,收运时间段,车牌号,司机,联系电话) values(34.0,东涌202线,南沙车队,5:30:00-18:00:00, 粤AHM202,梁嘉威,1.3725460467E10);
2023-10-07 11:12:51.255 DEBUG 16860 --- [main] m.e.service.impl.SqlServiceImpl          : 记录：insert into 表名 (线路编号,线路名称,管理单位,收运时间段,车牌号,司机,联系电话) values(35.0,东涌153线,南沙车队,5:30:00-18:00:00,粤AFQ153,沈上球,1.5622005499E10);
2023-10-07 11:12:51.255 DEBUG 16860 --- [main] m.e.service.impl.SqlServiceImpl          : 记录：insert into 表名 (线路编号,线路名称,管理单位,收运时间段,车牌号,司机,联系电话) values(36.0,东涌一站线,南沙车队,5:30:00-18:00:00,粤AGQ282/粤AFG223/粤AHF907/粤AGA700/粤AGK683,梁永烽/郭志荣/郭桂有/李承周/梁铭光,13710300102烽13711028830荣15876522067有13434186232光15889933205周);
2023-10-07 11:12:51.255 DEBUG 16860 --- [main] m.e.service.impl.SqlServiceImpl          : 记录：insert into 表名 (线路编号,线路名称,管理单位,收运时间段,车牌号,司机,联系电话) values(37.0,东涌二站线,南沙车队,5:30:00-18:00:00,粤AGQ282/粤AFG223/粤AHF907/粤AGA700/粤AGK683,梁永烽/郭志荣/郭桂有/李承周/梁铭光,13710300102烽13711028830荣15876522067有13434186232光15889933205周);
2023-10-07 11:12:51.255 DEBUG 16860 --- [main] m.e.service.impl.SqlServiceImpl          : 记录：insert into 表名 (线路编号,线路名称,管理单位,收运时间段,车牌号,司机,联系电话) values(38.0,东涌三站线,南沙车队,5:30:00-18:00:00,粤AGQ282/粤AFG223/粤AHF907/粤AGA700/粤AGK683,梁永烽/郭志荣/郭桂有/李承周/梁铭光,13710300102烽13711028830荣15876522067有13434186232光15889933205周);
2023-10-07 11:12:51.256 DEBUG 16860 --- [main] m.e.service.impl.SqlServiceImpl          : 记录：insert into 表名 (线路编号,线路名称,管理单位,收运时间段,车牌号,司机,联系电话) values(39.0,东涌餐厨053线,南沙车队,5:30:00-18:00:00,粤AHK053,何泽文,1.3922361677E10);
2023-10-07 11:12:51.256 DEBUG 16860 --- [main] m.e.service.impl.SqlServiceImpl          : 记录：insert into 表名 (线路编号,线路名称,管理单位,收运时间段,车牌号,司机,联系电话) values(40.0,东涌餐厨738线,南沙车队,5:30:00-18:00:00,粤AGP738,高炳棠,1.3719428472E10);
2023-10-07 11:12:51.256 DEBUG 16860 --- [main] m.e.service.impl.SqlServiceImpl          : 记录：insert into 表名 (线路编号,线路名称,管理单位,收运时间段,车牌号,司机,联系电话) values(41.0,东涌大件物线,南沙车队,5:30:00-18:00:00,粤ACJ161/粤AGU005/粤AGU080,莫尔树/俞龙安/钟伟锋,13711009292锋13533231181树13672441374安);
2023-10-07 11:12:51.256  INFO 16860 --- [main] m.e.service.impl.RunServiceImpl          : 生成完成
2023-10-07 11:12:51.256  INFO 16860 --- [main] m.e.service.impl.RunServiceImpl          : 开始写入到sql文件
2023-10-07 11:12:51.256 DEBUG 16860 --- [main] m.e.service.impl.FileServiceImpl         : 输出文件位置：./out3-20231007111251.sql
2023-10-07 11:12:51.257 DEBUG 16860 --- [main] m.e.service.impl.FileServiceImpl         : 写入到文件：insert into 表名 (线路编号,线路名称,管理单位,收运时间段,车牌号,司机,联系电话) values(33.0,东涌089线,南沙车队,5:30:00-18:00:00,粤AKE089,严洪强,1.3926148987E10);
2023-10-07 11:12:51.257 DEBUG 16860 --- [main] m.e.service.impl.FileServiceImpl         : 写入到文件：insert into 表名 (线路编号,线路名称,管理单位,收运时间段,车牌号,司机,联系电话) values(34.0,东涌202线,南沙车队,5:30:00-18:00:00, 粤AHM202,梁嘉威,1.3725460467E10);
2023-10-07 11:12:51.257 DEBUG 16860 --- [main] m.e.service.impl.FileServiceImpl         : 写入到文件：insert into 表名 (线路编号,线路名称,管理单位,收运时间段,车牌号,司机,联系电话) values(35.0,东涌153线,南沙车队,5:30:00-18:00:00,粤AFQ153,沈上球,1.5622005499E10);
2023-10-07 11:12:51.257 DEBUG 16860 --- [main] m.e.service.impl.FileServiceImpl         : 写入到文件：insert into 表名 (线路编号,线路名称,管理单位,收运时间段,车牌号,司机,联系电话) values(36.0,东涌一站线,南沙车队,5:30:00-18:00:00,粤AGQ282/粤AFG223/粤AHF907/粤AGA700/粤AGK683,梁永烽/郭志荣/郭桂有/李承周/梁铭光,13710300102烽13711028830荣15876522067有13434186232光15889933205周);
2023-10-07 11:12:51.257 DEBUG 16860 --- [main] m.e.service.impl.FileServiceImpl         : 写入到文件：insert into 表名 (线路编号,线路名称,管理单位,收运时间段,车牌号,司机,联系电话) values(37.0,东涌二站线,南沙车队,5:30:00-18:00:00,粤AGQ282/粤AFG223/粤AHF907/粤AGA700/粤AGK683,梁永烽/郭志荣/郭桂有/李承周/梁铭光,13710300102烽13711028830荣15876522067有13434186232光15889933205周);
2023-10-07 11:12:51.257 DEBUG 16860 --- [main] m.e.service.impl.FileServiceImpl         : 写入到文件：insert into 表名 (线路编号,线路名称,管理单位,收运时间段,车牌号,司机,联系电话) values(38.0,东涌三站线,南沙车队,5:30:00-18:00:00,粤AGQ282/粤AFG223/粤AHF907/粤AGA700/粤AGK683,梁永烽/郭志荣/郭桂有/李承周/梁铭光,13710300102烽13711028830荣15876522067有13434186232光15889933205周);
2023-10-07 11:12:51.257 DEBUG 16860 --- [main] m.e.service.impl.FileServiceImpl         : 写入到文件：insert into 表名 (线路编号,线路名称,管理单位,收运时间段,车牌号,司机,联系电话) values(39.0,东涌餐厨053线,南沙车队,5:30:00-18:00:00,粤AHK053,何泽文,1.3922361677E10);
2023-10-07 11:12:51.257 DEBUG 16860 --- [main] m.e.service.impl.FileServiceImpl         : 写入到文件：insert into 表名 (线路编号,线路名称,管理单位,收运时间段,车牌号,司机,联系电话) values(40.0,东涌餐厨738线,南沙车队,5:30:00-18:00:00,粤AGP738,高炳棠,1.3719428472E10);
2023-10-07 11:12:51.257 DEBUG 16860 --- [main] m.e.service.impl.FileServiceImpl         : 写入到文件：insert into 表名 (线路编号,线路名称,管理单位,收运时间段,车牌号,司机,联系电话) values(41.0,东涌大件物线,南沙车队,5:30:00-18:00:00,粤ACJ161/粤AGU005/粤AGU080,莫尔树/俞龙安/钟伟锋,13711009292锋13533231181树13672441374安);
2023-10-07 11:12:51.257  INFO 16860 --- [main] m.e.service.impl.FileServiceImpl         : 写入完成，一共9条数据
2023-10-07 11:12:51.257  INFO 16860 --- [main] m.e.service.impl.RunServiceImpl          : 数据全部写入完成
2023-10-07 11:12:51.257 DEBUG 16860 --- [main] m.e.service.impl.TemplateServiceImpl     : 日志输出文件位置：./template.log
2023-10-07 11:12:51.257 DEBUG 16860 --- [main] m.e.service.impl.TemplateServiceImpl     : 输出日志：'2023-10-07 11:12:51		./in6.xlsx		insert into 表名 (线路编号,线路名称,管理单位,收运时间段,车牌号,司机,联系电话) values(${线路编号},${线路名称},${管理单位},${收运时间段},${车牌号},${司机},${联系电话});'
2023-10-07 11:12:51.258  INFO 16860 --- [main] m.e.service.impl.RunServiceImpl          : 跳过执行sql步骤
2023-10-07 11:12:51.258  INFO 16860 --- [main] m.e.service.impl.RunServiceImpl          : 任务完成
2023-10-07 11:14:04.134  INFO 17516 --- [main] m.e.ExcelToSqltestApplication            : Starting ExcelToSqltestApplication using Java 16.0.2 on mao with PID 17516 (D:\程序\2023Q3\excel-to-sqltest\target\classes started by mao in D:\程序\2023Q3\excel-to-sqltest)
2023-10-07 11:14:04.135 DEBUG 17516 --- [main] m.e.ExcelToSqltestApplication            : Running with Spring Boot v2.7.1, Spring v5.3.21
2023-10-07 11:14:04.135  INFO 17516 --- [main] m.e.ExcelToSqltestApplication            : No active profile set, falling back to 1 default profile: "default"
2023-10-07 11:14:04.314  INFO 17516 --- [main] m.e.config.DataSourceConfig              : 初始化 DataSourceConfig
2023-10-07 11:14:04.384  INFO 17516 --- [main] m.e.ExcelToSqltestApplication            : Started ExcelToSqltestApplication in 0.414 seconds (JVM running for 0.645)
2023-10-07 11:14:04.385  INFO 17516 --- [main] m.e.service.impl.RunServiceImpl          : 


本程序用于将Excel文件里的数据转换成sql脚本，并选择执行!
通过自定义模板来生成想要的sql语句
1. 模板使用freemacker模板引擎实现，变量使用'${表头列名称}'格式来替换
2. freemacker支持加减乘除运算、条件语句、类型转换等，使用方法自行百度
3. 如果表头包含空格，写法'${.vars['CPU Temp']'
4. 数值类型会有逗号，可以使用类型转换，示例：'${(_index?number*2+100000)?c}'
5. 程序包含内置参数'_index'，可以直接使用，从0开始
6. excel的日期类型统一转换成时间戳，想要格式化的时间，可以写成'${Time?number?number_to_datetime?string('yyyy-MM-dd HH:mm:ss')}'
7. 对于excel中性别字段为男或女，但是数据库为0或1的，可以使用if else解决，示例：'insert into student values(${年龄},<#if 性别=='男'>0</#if><#if 性别=='女'>1</#if>)'
8. 数据库配置位于 druid.properties 文件里
9. 如果直接想要使用默认的模板，可以直接按回车即可，使用默认模板时，excel里的表头列名称要满足数据库规范
10.程序通过配置属性类读取配置，配置文件示例如下，可以通过修改application.yml来修改配置，也可以通过参数传递来让配置临时生效

ets:
  inputPath: './in.xlsx'    # excel文件的路径
  outputPath: './out.sql'    # sql文件的输出路径
  isWriteToMysql: false      # 是否直接执行输出的sql文件
  wrapNum: 1                 # sql文件两条sql之间换行的数量，也就是\n的个数
  distinct: ''               # 要去重的字段
  orderBy: ''                # 要排序的列，列为表头名称，升序为asc，降序为desc，按姓名降序：'姓名,desc'，按成绩升序：'成绩,asc'
  excel:
    sheetAt: 0               # 读取sheet的索引，从0开始，第一个sheet就是0，第二个sheet就是1
    startRow: 0              # 开始行，选择要从第几行开始读，从0开始，开始行必须为表头，从第4行开始就是3
    endRow: -1               # 结束行，值为-1默认读到最后一行
    startCell: 0             # 开始列，默认从第一列开始读
    endCell: -1              # 结束列，值为-1默认读到最后一列
  filter:                    # 过滤器，过滤掉满足以下条件的行，比如过滤掉‘所属班级’这一列中值为100001的行、过滤‘编码’字段值为‘Noinfo’、‘NotOnly’或者‘N000004-446-1151’的行
    "[编码]": ['Noinfo','NotOnly','N000004-446-1151']
    "[所属班级]": ['100001']



2023-10-07 11:14:04.386  INFO 17516 --- [main] m.e.service.impl.RunServiceImpl          : excel文件位置：./in6.xlsx
2023-10-07 11:14:04.386  INFO 17516 --- [main] m.e.service.impl.RunServiceImpl          : sql文件输出位置：./out.sql
2023-10-07 11:14:04.386  INFO 17516 --- [main] m.e.service.impl.RunServiceImpl          : 模板日志输出位置：./template.log
2023-10-07 11:14:04.386  INFO 17516 --- [main] m.e.service.impl.RunServiceImpl          : SQL之间换行数量：1
2023-10-07 11:14:04.386  INFO 17516 --- [main] m.e.service.impl.RunServiceImpl          : 是否写入到数据库：false
2023-10-07 11:14:04.386  INFO 17516 --- [main] m.e.service.impl.RunServiceImpl          : Excel配置：Excel[sheetAt=0, startRow=0, endRow=-1, startCell=0, endCell=-1]
2023-10-07 11:14:04.386  INFO 17516 --- [main] m.e.service.impl.RunServiceImpl          : 过滤器配置：{所属班级=[100001], 编码=[Noinfo, NotOnly, N000004-446-1151], 联系电话=[]}
2023-10-07 11:14:04.386 DEBUG 17516 --- [main] m.e.service.impl.ExcelServiceImpl        : 文件:./in6.xlsx
2023-10-07 11:14:04.386 DEBUG 17516 --- [main] m.e.service.impl.ExcelServiceImpl        : 加载高版本excel
2023-10-07 11:14:04.562 DEBUG 17516 --- [main] m.e.service.impl.ExcelServiceImpl        : 开始列：1
2023-10-07 11:14:04.562 DEBUG 17516 --- [main] m.e.service.impl.ExcelServiceImpl        : 结束列：8
2023-10-07 11:14:04.563 DEBUG 17516 --- [main] m.e.service.impl.ExcelServiceImpl        : 表头：[线路编号, 线路名称, 管理单位, 收运时间段, 车牌号, 司机, 联系电话]
2023-10-07 11:14:04.566 DEBUG 17516 --- [main] m.e.service.impl.ExcelServiceImpl        : 第2行数据：{收运时间段=5:30:00-18:00:00, 线路编号=33.0, 联系电话=1.3926148987E10, 司机=严洪强, 车牌号=粤AKE089, 管理单位=南沙车队, 线路名称=东涌089线}
2023-10-07 11:14:04.566 DEBUG 17516 --- [main] m.e.service.impl.ExcelServiceImpl        : 第3行数据：{收运时间段=5:30:00-18:00:00, 线路编号=34.0, 联系电话=1.3725460467E10, 司机=梁嘉威, 车牌号= 粤AHM202, 管理单位=南沙车队, 线路名称=东涌202线}
2023-10-07 11:14:04.566 DEBUG 17516 --- [main] m.e.service.impl.ExcelServiceImpl        : 第4行数据：{收运时间段=5:30:00-18:00:00, 线路编号=35.0, 联系电话=1.5622005499E10, 司机=沈上球, 车牌号=粤AFQ153, 管理单位=南沙车队, 线路名称=东涌153线}
2023-10-07 11:14:04.566 DEBUG 17516 --- [main] m.e.service.impl.ExcelServiceImpl        : 第5行数据：{收运时间段=5:30:00-18:00:00, 线路编号=36.0, 联系电话=13710300102烽13711028830荣15876522067有13434186232光15889933205周, 司机=梁永烽/郭志荣/郭桂有/李承周/梁铭光, 车牌号=粤AGQ282/粤AFG223/粤AHF907/粤AGA700/粤AGK683, 管理单位=南沙车队, 线路名称=东涌一站线}
2023-10-07 11:14:04.567 DEBUG 17516 --- [main] m.e.service.impl.ExcelServiceImpl        : 第6行数据：{收运时间段=5:30:00-18:00:00, 线路编号=37.0, 联系电话=13710300102烽13711028830荣15876522067有13434186232光15889933205周, 司机=梁永烽/郭志荣/郭桂有/李承周/梁铭光, 车牌号=粤AGQ282/粤AFG223/粤AHF907/粤AGA700/粤AGK683, 管理单位=南沙车队, 线路名称=东涌二站线}
2023-10-07 11:14:04.567 DEBUG 17516 --- [main] m.e.service.impl.ExcelServiceImpl        : 第7行数据：{收运时间段=5:30:00-18:00:00, 线路编号=38.0, 联系电话=13710300102烽13711028830荣15876522067有13434186232光15889933205周, 司机=梁永烽/郭志荣/郭桂有/李承周/梁铭光, 车牌号=粤AGQ282/粤AFG223/粤AHF907/粤AGA700/粤AGK683, 管理单位=南沙车队, 线路名称=东涌三站线}
2023-10-07 11:14:04.567 DEBUG 17516 --- [main] m.e.service.impl.ExcelServiceImpl        : 第8行数据：{收运时间段=5:30:00-18:00:00, 线路编号=39.0, 联系电话=1.3922361677E10, 司机=何泽文, 车牌号=粤AHK053, 管理单位=南沙车队, 线路名称=东涌餐厨053线}
2023-10-07 11:14:04.567 DEBUG 17516 --- [main] m.e.service.impl.ExcelServiceImpl        : 第9行数据：{收运时间段=5:30:00-18:00:00, 线路编号=40.0, 联系电话=1.3719428472E10, 司机=高炳棠, 车牌号=粤AGP738, 管理单位=南沙车队, 线路名称=东涌餐厨738线}
2023-10-07 11:14:04.567 DEBUG 17516 --- [main] m.e.service.impl.ExcelServiceImpl        : 第10行数据：{收运时间段=5:30:00-18:00:00, 线路编号=41.0, 联系电话=13711009292锋13533231181树13672441374安, 司机=莫尔树/俞龙安/钟伟锋, 车牌号=粤ACJ161/粤AGU005/粤AGU080, 管理单位=南沙车队, 线路名称=东涌大件物线}
2023-10-07 11:14:04.567  INFO 17516 --- [main] m.e.service.impl.ExcelServiceImpl        : excel数据处理器执行顺序：-->忽略行excel数据处理器-->字段去重excel数据处理器-->字段排序excel数据处理器-->数据打印excel数据处理器-->保存excel数据处理器
2023-10-07 11:14:04.567  INFO 17516 --- [main] m.e.service.impl.ExcelServiceImpl        : 开始进入"忽略行excel数据处理器"
2023-10-07 11:14:04.568  INFO 17516 --- [main] m.e.service.impl.ExcelServiceImpl        : 退出"忽略行excel数据处理器"
2023-10-07 11:14:04.568  INFO 17516 --- [main] m.e.service.impl.ExcelServiceImpl        : 开始进入"字段去重excel数据处理器"
2023-10-07 11:14:04.568  INFO 17516 --- [main] m.e.service.impl.ExcelServiceImpl        : 退出"字段去重excel数据处理器"
2023-10-07 11:14:04.568  INFO 17516 --- [main] m.e.service.impl.ExcelServiceImpl        : 开始进入"字段排序excel数据处理器"
2023-10-07 11:14:04.568  INFO 17516 --- [main] m.e.service.impl.ExcelServiceImpl        : 退出"字段排序excel数据处理器"
2023-10-07 11:14:04.568  INFO 17516 --- [main] m.e.service.impl.ExcelServiceImpl        : 开始进入"数据打印excel数据处理器"
2023-10-07 11:14:04.568  INFO 17516 --- [main] m.e.service.impl.ExcelServiceImpl        : 退出"数据打印excel数据处理器"
2023-10-07 11:14:04.568  INFO 17516 --- [main] m.e.service.impl.ExcelServiceImpl        : 开始进入"保存excel数据处理器"
2023-10-07 11:14:04.622 DEBUG 17516 --- [main] m.e.service.impl.ExcelServiceImpl        : 保存的文件位于：./out-.xlsx
2023-10-07 11:14:04.622  INFO 17516 --- [main] m.e.service.impl.ExcelServiceImpl        : 退出"保存excel数据处理器"
2023-10-07 11:14:04.622 DEBUG 17516 --- [main] m.e.service.impl.TemplateServiceImpl     : 生成的默认模板：insert into 表名 (线路编号,线路名称,管理单位,收运时间段,车牌号,司机,联系电话) values(${线路编号},${线路名称},${管理单位},${收运时间段},${车牌号},${司机},${联系电话});
2023-10-07 11:14:04.622  INFO 17516 --- [main] m.e.service.impl.RunServiceImpl          : 默认模板示例：insert into 表名 (线路编号,线路名称,管理单位,收运时间段,车牌号,司机,联系电话) values(${线路编号},${线路名称},${管理单位},${收运时间段},${车牌号},${司机},${联系电话});
2023-10-07 11:14:15.354  INFO 17516 --- [main] m.e.service.impl.RunServiceImpl          : 模板：insert into 表名 (线路编号,线路名称,管理单位,收运时间段,车牌号,司机,联系电话) values(${线路编号},${线路名称},${管理单位},${收运时间段},${车牌号},${司机},${联系电话});
2023-10-07 11:14:15.354  INFO 17516 --- [main] m.e.service.impl.RunServiceImpl          : 开始生成
2023-10-07 11:14:15.354 DEBUG 17516 --- [main] m.e.service.impl.SqlServiceImpl          : 模板：insert into 表名 (线路编号,线路名称,管理单位,收运时间段,车牌号,司机,联系电话) values(${线路编号},${线路名称},${管理单位},${收运时间段},${车牌号},${司机},${联系电话});
2023-10-07 11:14:15.361 DEBUG 17516 --- [main] m.e.service.impl.SqlServiceImpl          : 记录：insert into 表名 (线路编号,线路名称,管理单位,收运时间段,车牌号,司机,联系电话) values(33.0,东涌089线,南沙车队,5:30:00-18:00:00,粤AKE089,严洪强,1.3926148987E10);
2023-10-07 11:14:15.362 DEBUG 17516 --- [main] m.e.service.impl.SqlServiceImpl          : 记录：insert into 表名 (线路编号,线路名称,管理单位,收运时间段,车牌号,司机,联系电话) values(34.0,东涌202线,南沙车队,5:30:00-18:00:00, 粤AHM202,梁嘉威,1.3725460467E10);
2023-10-07 11:14:15.362 DEBUG 17516 --- [main] m.e.service.impl.SqlServiceImpl          : 记录：insert into 表名 (线路编号,线路名称,管理单位,收运时间段,车牌号,司机,联系电话) values(35.0,东涌153线,南沙车队,5:30:00-18:00:00,粤AFQ153,沈上球,1.5622005499E10);
2023-10-07 11:14:15.362 DEBUG 17516 --- [main] m.e.service.impl.SqlServiceImpl          : 记录：insert into 表名 (线路编号,线路名称,管理单位,收运时间段,车牌号,司机,联系电话) values(36.0,东涌一站线,南沙车队,5:30:00-18:00:00,粤AGQ282/粤AFG223/粤AHF907/粤AGA700/粤AGK683,梁永烽/郭志荣/郭桂有/李承周/梁铭光,13710300102烽13711028830荣15876522067有13434186232光15889933205周);
2023-10-07 11:14:15.362 DEBUG 17516 --- [main] m.e.service.impl.SqlServiceImpl          : 记录：insert into 表名 (线路编号,线路名称,管理单位,收运时间段,车牌号,司机,联系电话) values(37.0,东涌二站线,南沙车队,5:30:00-18:00:00,粤AGQ282/粤AFG223/粤AHF907/粤AGA700/粤AGK683,梁永烽/郭志荣/郭桂有/李承周/梁铭光,13710300102烽13711028830荣15876522067有13434186232光15889933205周);
2023-10-07 11:14:15.362 DEBUG 17516 --- [main] m.e.service.impl.SqlServiceImpl          : 记录：insert into 表名 (线路编号,线路名称,管理单位,收运时间段,车牌号,司机,联系电话) values(38.0,东涌三站线,南沙车队,5:30:00-18:00:00,粤AGQ282/粤AFG223/粤AHF907/粤AGA700/粤AGK683,梁永烽/郭志荣/郭桂有/李承周/梁铭光,13710300102烽13711028830荣15876522067有13434186232光15889933205周);
2023-10-07 11:14:15.363 DEBUG 17516 --- [main] m.e.service.impl.SqlServiceImpl          : 记录：insert into 表名 (线路编号,线路名称,管理单位,收运时间段,车牌号,司机,联系电话) values(39.0,东涌餐厨053线,南沙车队,5:30:00-18:00:00,粤AHK053,何泽文,1.3922361677E10);
2023-10-07 11:14:15.363 DEBUG 17516 --- [main] m.e.service.impl.SqlServiceImpl          : 记录：insert into 表名 (线路编号,线路名称,管理单位,收运时间段,车牌号,司机,联系电话) values(40.0,东涌餐厨738线,南沙车队,5:30:00-18:00:00,粤AGP738,高炳棠,1.3719428472E10);
2023-10-07 11:14:15.363 DEBUG 17516 --- [main] m.e.service.impl.SqlServiceImpl          : 记录：insert into 表名 (线路编号,线路名称,管理单位,收运时间段,车牌号,司机,联系电话) values(41.0,东涌大件物线,南沙车队,5:30:00-18:00:00,粤ACJ161/粤AGU005/粤AGU080,莫尔树/俞龙安/钟伟锋,13711009292锋13533231181树13672441374安);
2023-10-07 11:14:15.363  INFO 17516 --- [main] m.e.service.impl.RunServiceImpl          : 生成完成
2023-10-07 11:14:15.363  INFO 17516 --- [main] m.e.service.impl.RunServiceImpl          : 开始写入到sql文件
2023-10-07 11:14:15.363 DEBUG 17516 --- [main] m.e.service.impl.FileServiceImpl         : 输出文件位置：./out.sql
2023-10-07 11:14:15.364 DEBUG 17516 --- [main] m.e.service.impl.FileServiceImpl         : 写入到文件：insert into 表名 (线路编号,线路名称,管理单位,收运时间段,车牌号,司机,联系电话) values(33.0,东涌089线,南沙车队,5:30:00-18:00:00,粤AKE089,严洪强,1.3926148987E10);
2023-10-07 11:14:15.364 DEBUG 17516 --- [main] m.e.service.impl.FileServiceImpl         : 写入到文件：insert into 表名 (线路编号,线路名称,管理单位,收运时间段,车牌号,司机,联系电话) values(34.0,东涌202线,南沙车队,5:30:00-18:00:00, 粤AHM202,梁嘉威,1.3725460467E10);
2023-10-07 11:14:15.364 DEBUG 17516 --- [main] m.e.service.impl.FileServiceImpl         : 写入到文件：insert into 表名 (线路编号,线路名称,管理单位,收运时间段,车牌号,司机,联系电话) values(35.0,东涌153线,南沙车队,5:30:00-18:00:00,粤AFQ153,沈上球,1.5622005499E10);
2023-10-07 11:14:15.364 DEBUG 17516 --- [main] m.e.service.impl.FileServiceImpl         : 写入到文件：insert into 表名 (线路编号,线路名称,管理单位,收运时间段,车牌号,司机,联系电话) values(36.0,东涌一站线,南沙车队,5:30:00-18:00:00,粤AGQ282/粤AFG223/粤AHF907/粤AGA700/粤AGK683,梁永烽/郭志荣/郭桂有/李承周/梁铭光,13710300102烽13711028830荣15876522067有13434186232光15889933205周);
2023-10-07 11:14:15.364 DEBUG 17516 --- [main] m.e.service.impl.FileServiceImpl         : 写入到文件：insert into 表名 (线路编号,线路名称,管理单位,收运时间段,车牌号,司机,联系电话) values(37.0,东涌二站线,南沙车队,5:30:00-18:00:00,粤AGQ282/粤AFG223/粤AHF907/粤AGA700/粤AGK683,梁永烽/郭志荣/郭桂有/李承周/梁铭光,13710300102烽13711028830荣15876522067有13434186232光15889933205周);
2023-10-07 11:14:15.364 DEBUG 17516 --- [main] m.e.service.impl.FileServiceImpl         : 写入到文件：insert into 表名 (线路编号,线路名称,管理单位,收运时间段,车牌号,司机,联系电话) values(38.0,东涌三站线,南沙车队,5:30:00-18:00:00,粤AGQ282/粤AFG223/粤AHF907/粤AGA700/粤AGK683,梁永烽/郭志荣/郭桂有/李承周/梁铭光,13710300102烽13711028830荣15876522067有13434186232光15889933205周);
2023-10-07 11:14:15.364 DEBUG 17516 --- [main] m.e.service.impl.FileServiceImpl         : 写入到文件：insert into 表名 (线路编号,线路名称,管理单位,收运时间段,车牌号,司机,联系电话) values(39.0,东涌餐厨053线,南沙车队,5:30:00-18:00:00,粤AHK053,何泽文,1.3922361677E10);
2023-10-07 11:14:15.364 DEBUG 17516 --- [main] m.e.service.impl.FileServiceImpl         : 写入到文件：insert into 表名 (线路编号,线路名称,管理单位,收运时间段,车牌号,司机,联系电话) values(40.0,东涌餐厨738线,南沙车队,5:30:00-18:00:00,粤AGP738,高炳棠,1.3719428472E10);
2023-10-07 11:14:15.364 DEBUG 17516 --- [main] m.e.service.impl.FileServiceImpl         : 写入到文件：insert into 表名 (线路编号,线路名称,管理单位,收运时间段,车牌号,司机,联系电话) values(41.0,东涌大件物线,南沙车队,5:30:00-18:00:00,粤ACJ161/粤AGU005/粤AGU080,莫尔树/俞龙安/钟伟锋,13711009292锋13533231181树13672441374安);
2023-10-07 11:14:15.364  INFO 17516 --- [main] m.e.service.impl.FileServiceImpl         : 写入完成，一共9条数据
2023-10-07 11:14:15.364  INFO 17516 --- [main] m.e.service.impl.RunServiceImpl          : 数据全部写入完成
2023-10-07 11:14:15.364 DEBUG 17516 --- [main] m.e.service.impl.TemplateServiceImpl     : 日志输出文件位置：./template.log
2023-10-07 11:14:15.365 DEBUG 17516 --- [main] m.e.service.impl.TemplateServiceImpl     : 输出日志：'2023-10-07 11:14:15		./in6.xlsx		insert into 表名 (线路编号,线路名称,管理单位,收运时间段,车牌号,司机,联系电话) values(${线路编号},${线路名称},${管理单位},${收运时间段},${车牌号},${司机},${联系电话});'
2023-10-07 11:14:15.365  INFO 17516 --- [main] m.e.service.impl.RunServiceImpl          : 跳过执行sql步骤
2023-10-07 11:14:15.365  INFO 17516 --- [main] m.e.service.impl.RunServiceImpl          : 任务完成
2023-10-07 11:14:59.759  INFO 5964 --- [main] m.e.ExcelToSqltestApplication            : Starting ExcelToSqltestApplication using Java 16.0.2 on mao with PID 5964 (D:\程序\2023Q3\excel-to-sqltest\target\classes started by mao in D:\程序\2023Q3\excel-to-sqltest)
2023-10-07 11:14:59.760 DEBUG 5964 --- [main] m.e.ExcelToSqltestApplication            : Running with Spring Boot v2.7.1, Spring v5.3.21
2023-10-07 11:14:59.760  INFO 5964 --- [main] m.e.ExcelToSqltestApplication            : No active profile set, falling back to 1 default profile: "default"
2023-10-07 11:14:59.959  INFO 5964 --- [main] m.e.config.DataSourceConfig              : 初始化 DataSourceConfig
2023-10-07 11:15:00.037  INFO 5964 --- [main] m.e.ExcelToSqltestApplication            : Started ExcelToSqltestApplication in 0.431 seconds (JVM running for 0.664)
2023-10-07 11:15:00.039  INFO 5964 --- [main] m.e.service.impl.RunServiceImpl          : 


本程序用于将Excel文件里的数据转换成sql脚本，并选择执行!
通过自定义模板来生成想要的sql语句
1. 模板使用freemacker模板引擎实现，变量使用'${表头列名称}'格式来替换
2. freemacker支持加减乘除运算、条件语句、类型转换等，使用方法自行百度
3. 如果表头包含空格，写法'${.vars['CPU Temp']'
4. 数值类型会有逗号，可以使用类型转换，示例：'${(_index?number*2+100000)?c}'
5. 程序包含内置参数'_index'，可以直接使用，从0开始
6. excel的日期类型统一转换成时间戳，想要格式化的时间，可以写成'${Time?number?number_to_datetime?string('yyyy-MM-dd HH:mm:ss')}'
7. 对于excel中性别字段为男或女，但是数据库为0或1的，可以使用if else解决，示例：'insert into student values(${年龄},<#if 性别=='男'>0</#if><#if 性别=='女'>1</#if>)'
8. 数据库配置位于 druid.properties 文件里
9. 如果直接想要使用默认的模板，可以直接按回车即可，使用默认模板时，excel里的表头列名称要满足数据库规范
10.程序通过配置属性类读取配置，配置文件示例如下，可以通过修改application.yml来修改配置，也可以通过参数传递来让配置临时生效

ets:
  inputPath: './in.xlsx'    # excel文件的路径
  outputPath: './out.sql'    # sql文件的输出路径
  isWriteToMysql: false      # 是否直接执行输出的sql文件
  wrapNum: 1                 # sql文件两条sql之间换行的数量，也就是\n的个数
  distinct: ''               # 要去重的字段
  orderBy: ''                # 要排序的列，列为表头名称，升序为asc，降序为desc，按姓名降序：'姓名,desc'，按成绩升序：'成绩,asc'
  excel:
    sheetAt: 0               # 读取sheet的索引，从0开始，第一个sheet就是0，第二个sheet就是1
    startRow: 0              # 开始行，选择要从第几行开始读，从0开始，开始行必须为表头，从第4行开始就是3
    endRow: -1               # 结束行，值为-1默认读到最后一行
    startCell: 0             # 开始列，默认从第一列开始读
    endCell: -1              # 结束列，值为-1默认读到最后一列
  filter:                    # 过滤器，过滤掉满足以下条件的行，比如过滤掉‘所属班级’这一列中值为100001的行、过滤‘编码’字段值为‘Noinfo’、‘NotOnly’或者‘N000004-446-1151’的行
    "[编码]": ['Noinfo','NotOnly','N000004-446-1151']
    "[所属班级]": ['100001']



2023-10-07 11:15:00.039  INFO 5964 --- [main] m.e.service.impl.RunServiceImpl          : excel文件位置：./in6.xlsx
2023-10-07 11:15:00.039  INFO 5964 --- [main] m.e.service.impl.RunServiceImpl          : sql文件输出位置：./out.sql
2023-10-07 11:15:00.040  INFO 5964 --- [main] m.e.service.impl.RunServiceImpl          : 模板日志输出位置：./template.log
2023-10-07 11:15:00.040  INFO 5964 --- [main] m.e.service.impl.RunServiceImpl          : SQL之间换行数量：1
2023-10-07 11:15:00.040  INFO 5964 --- [main] m.e.service.impl.RunServiceImpl          : 是否写入到数据库：false
2023-10-07 11:15:00.040  INFO 5964 --- [main] m.e.service.impl.RunServiceImpl          : Excel配置：Excel[sheetAt=0, startRow=0, endRow=-1, startCell=0, endCell=-1]
2023-10-07 11:15:00.040  INFO 5964 --- [main] m.e.service.impl.RunServiceImpl          : 过滤器配置：{所属班级=[100001], 编码=[Noinfo, NotOnly, N000004-446-1151], 联系电话=[]}
2023-10-07 11:15:00.040 DEBUG 5964 --- [main] m.e.service.impl.ExcelServiceImpl        : 文件:./in6.xlsx
2023-10-07 11:15:00.040 DEBUG 5964 --- [main] m.e.service.impl.ExcelServiceImpl        : 加载高版本excel
2023-10-07 11:15:00.223 DEBUG 5964 --- [main] m.e.service.impl.ExcelServiceImpl        : 开始列：1
2023-10-07 11:15:00.223 DEBUG 5964 --- [main] m.e.service.impl.ExcelServiceImpl        : 结束列：8
2023-10-07 11:15:00.225 DEBUG 5964 --- [main] m.e.service.impl.ExcelServiceImpl        : 表头：[线路编号, 线路名称, 管理单位, 收运时间段, 车牌号, 司机, 联系电话]
2023-10-07 11:15:00.228 DEBUG 5964 --- [main] m.e.service.impl.ExcelServiceImpl        : 第2行数据：{收运时间段=5:30:00-18:00:00, 线路编号=33.0, 联系电话=1.3926148987E10, 司机=严洪强, 车牌号=粤AKE089, 管理单位=南沙车队, 线路名称=东涌089线}
2023-10-07 11:15:00.228 DEBUG 5964 --- [main] m.e.service.impl.ExcelServiceImpl        : 第3行数据：{收运时间段=5:30:00-18:00:00, 线路编号=34.0, 联系电话=1.3725460467E10, 司机=梁嘉威, 车牌号= 粤AHM202, 管理单位=南沙车队, 线路名称=东涌202线}
2023-10-07 11:15:00.229 DEBUG 5964 --- [main] m.e.service.impl.ExcelServiceImpl        : 第4行数据：{收运时间段=5:30:00-18:00:00, 线路编号=35.0, 联系电话=1.5622005499E10, 司机=沈上球, 车牌号=粤AFQ153, 管理单位=南沙车队, 线路名称=东涌153线}
2023-10-07 11:15:00.229 DEBUG 5964 --- [main] m.e.service.impl.ExcelServiceImpl        : 第5行数据：{收运时间段=5:30:00-18:00:00, 线路编号=36.0, 联系电话=13710300102烽13711028830荣15876522067有13434186232光15889933205周, 司机=梁永烽/郭志荣/郭桂有/李承周/梁铭光, 车牌号=粤AGQ282/粤AFG223/粤AHF907/粤AGA700/粤AGK683, 管理单位=南沙车队, 线路名称=东涌一站线}
2023-10-07 11:15:00.229 DEBUG 5964 --- [main] m.e.service.impl.ExcelServiceImpl        : 第6行数据：{收运时间段=5:30:00-18:00:00, 线路编号=37.0, 联系电话=13710300102烽13711028830荣15876522067有13434186232光15889933205周, 司机=梁永烽/郭志荣/郭桂有/李承周/梁铭光, 车牌号=粤AGQ282/粤AFG223/粤AHF907/粤AGA700/粤AGK683, 管理单位=南沙车队, 线路名称=东涌二站线}
2023-10-07 11:15:00.229 DEBUG 5964 --- [main] m.e.service.impl.ExcelServiceImpl        : 第7行数据：{收运时间段=5:30:00-18:00:00, 线路编号=38.0, 联系电话=13710300102烽13711028830荣15876522067有13434186232光15889933205周, 司机=梁永烽/郭志荣/郭桂有/李承周/梁铭光, 车牌号=粤AGQ282/粤AFG223/粤AHF907/粤AGA700/粤AGK683, 管理单位=南沙车队, 线路名称=东涌三站线}
2023-10-07 11:15:00.229 DEBUG 5964 --- [main] m.e.service.impl.ExcelServiceImpl        : 第8行数据：{收运时间段=5:30:00-18:00:00, 线路编号=39.0, 联系电话=1.3922361677E10, 司机=何泽文, 车牌号=粤AHK053, 管理单位=南沙车队, 线路名称=东涌餐厨053线}
2023-10-07 11:15:00.229 DEBUG 5964 --- [main] m.e.service.impl.ExcelServiceImpl        : 第9行数据：{收运时间段=5:30:00-18:00:00, 线路编号=40.0, 联系电话=1.3719428472E10, 司机=高炳棠, 车牌号=粤AGP738, 管理单位=南沙车队, 线路名称=东涌餐厨738线}
2023-10-07 11:15:00.229 DEBUG 5964 --- [main] m.e.service.impl.ExcelServiceImpl        : 第10行数据：{收运时间段=5:30:00-18:00:00, 线路编号=41.0, 联系电话=13711009292锋13533231181树13672441374安, 司机=莫尔树/俞龙安/钟伟锋, 车牌号=粤ACJ161/粤AGU005/粤AGU080, 管理单位=南沙车队, 线路名称=东涌大件物线}
2023-10-07 11:15:00.230  INFO 5964 --- [main] m.e.service.impl.ExcelServiceImpl        : excel数据处理器执行顺序：-->忽略行excel数据处理器-->字段去重excel数据处理器-->字段排序excel数据处理器-->数据打印excel数据处理器-->保存excel数据处理器
2023-10-07 11:15:00.230  INFO 5964 --- [main] m.e.service.impl.ExcelServiceImpl        : 开始进入"忽略行excel数据处理器"
2023-10-07 11:15:00.230  INFO 5964 --- [main] m.e.service.impl.ExcelServiceImpl        : 退出"忽略行excel数据处理器"
2023-10-07 11:15:00.230  INFO 5964 --- [main] m.e.service.impl.ExcelServiceImpl        : 开始进入"字段去重excel数据处理器"
2023-10-07 11:15:00.230  INFO 5964 --- [main] m.e.service.impl.ExcelServiceImpl        : 退出"字段去重excel数据处理器"
2023-10-07 11:15:00.230  INFO 5964 --- [main] m.e.service.impl.ExcelServiceImpl        : 开始进入"字段排序excel数据处理器"
2023-10-07 11:15:00.230  INFO 5964 --- [main] m.e.service.impl.ExcelServiceImpl        : 退出"字段排序excel数据处理器"
2023-10-07 11:15:00.230  INFO 5964 --- [main] m.e.service.impl.ExcelServiceImpl        : 开始进入"数据打印excel数据处理器"
2023-10-07 11:15:00.230  INFO 5964 --- [main] m.e.service.impl.ExcelServiceImpl        : 退出"数据打印excel数据处理器"
2023-10-07 11:15:00.230  INFO 5964 --- [main] m.e.service.impl.ExcelServiceImpl        : 开始进入"保存excel数据处理器"
2023-10-07 11:15:00.289 DEBUG 5964 --- [main] m.e.service.impl.ExcelServiceImpl        : 保存的文件位于：./out.xlsx
2023-10-07 11:15:00.289  INFO 5964 --- [main] m.e.service.impl.ExcelServiceImpl        : 退出"保存excel数据处理器"
2023-10-07 11:15:00.289 DEBUG 5964 --- [main] m.e.service.impl.TemplateServiceImpl     : 生成的默认模板：insert into 表名 (线路编号,线路名称,管理单位,收运时间段,车牌号,司机,联系电话) values(${线路编号},${线路名称},${管理单位},${收运时间段},${车牌号},${司机},${联系电话});
2023-10-07 11:15:00.289  INFO 5964 --- [main] m.e.service.impl.RunServiceImpl          : 默认模板示例：insert into 表名 (线路编号,线路名称,管理单位,收运时间段,车牌号,司机,联系电话) values(${线路编号},${线路名称},${管理单位},${收运时间段},${车牌号},${司机},${联系电话});
2023-10-07 11:15:14.592  INFO 5964 --- [main] m.e.service.impl.RunServiceImpl          : 模板：insert into 表名 (线路编号,线路名称,管理单位,收运时间段,车牌号,司机,联系电话) values(${线路编号},${线路名称},${管理单位},${收运时间段},${车牌号},${司机},${联系电话});
2023-10-07 11:15:14.592  INFO 5964 --- [main] m.e.service.impl.RunServiceImpl          : 开始生成
2023-10-07 11:15:14.592 DEBUG 5964 --- [main] m.e.service.impl.SqlServiceImpl          : 模板：insert into 表名 (线路编号,线路名称,管理单位,收运时间段,车牌号,司机,联系电话) values(${线路编号},${线路名称},${管理单位},${收运时间段},${车牌号},${司机},${联系电话});
2023-10-07 11:15:14.600 DEBUG 5964 --- [main] m.e.service.impl.SqlServiceImpl          : 记录：insert into 表名 (线路编号,线路名称,管理单位,收运时间段,车牌号,司机,联系电话) values(33.0,东涌089线,南沙车队,5:30:00-18:00:00,粤AKE089,严洪强,1.3926148987E10);
2023-10-07 11:15:14.601 DEBUG 5964 --- [main] m.e.service.impl.SqlServiceImpl          : 记录：insert into 表名 (线路编号,线路名称,管理单位,收运时间段,车牌号,司机,联系电话) values(34.0,东涌202线,南沙车队,5:30:00-18:00:00, 粤AHM202,梁嘉威,1.3725460467E10);
2023-10-07 11:15:14.601 DEBUG 5964 --- [main] m.e.service.impl.SqlServiceImpl          : 记录：insert into 表名 (线路编号,线路名称,管理单位,收运时间段,车牌号,司机,联系电话) values(35.0,东涌153线,南沙车队,5:30:00-18:00:00,粤AFQ153,沈上球,1.5622005499E10);
2023-10-07 11:15:14.601 DEBUG 5964 --- [main] m.e.service.impl.SqlServiceImpl          : 记录：insert into 表名 (线路编号,线路名称,管理单位,收运时间段,车牌号,司机,联系电话) values(36.0,东涌一站线,南沙车队,5:30:00-18:00:00,粤AGQ282/粤AFG223/粤AHF907/粤AGA700/粤AGK683,梁永烽/郭志荣/郭桂有/李承周/梁铭光,13710300102烽13711028830荣15876522067有13434186232光15889933205周);
2023-10-07 11:15:14.601 DEBUG 5964 --- [main] m.e.service.impl.SqlServiceImpl          : 记录：insert into 表名 (线路编号,线路名称,管理单位,收运时间段,车牌号,司机,联系电话) values(37.0,东涌二站线,南沙车队,5:30:00-18:00:00,粤AGQ282/粤AFG223/粤AHF907/粤AGA700/粤AGK683,梁永烽/郭志荣/郭桂有/李承周/梁铭光,13710300102烽13711028830荣15876522067有13434186232光15889933205周);
2023-10-07 11:15:14.601 DEBUG 5964 --- [main] m.e.service.impl.SqlServiceImpl          : 记录：insert into 表名 (线路编号,线路名称,管理单位,收运时间段,车牌号,司机,联系电话) values(38.0,东涌三站线,南沙车队,5:30:00-18:00:00,粤AGQ282/粤AFG223/粤AHF907/粤AGA700/粤AGK683,梁永烽/郭志荣/郭桂有/李承周/梁铭光,13710300102烽13711028830荣15876522067有13434186232光15889933205周);
2023-10-07 11:15:14.602 DEBUG 5964 --- [main] m.e.service.impl.SqlServiceImpl          : 记录：insert into 表名 (线路编号,线路名称,管理单位,收运时间段,车牌号,司机,联系电话) values(39.0,东涌餐厨053线,南沙车队,5:30:00-18:00:00,粤AHK053,何泽文,1.3922361677E10);
2023-10-07 11:15:14.602 DEBUG 5964 --- [main] m.e.service.impl.SqlServiceImpl          : 记录：insert into 表名 (线路编号,线路名称,管理单位,收运时间段,车牌号,司机,联系电话) values(40.0,东涌餐厨738线,南沙车队,5:30:00-18:00:00,粤AGP738,高炳棠,1.3719428472E10);
2023-10-07 11:15:14.602 DEBUG 5964 --- [main] m.e.service.impl.SqlServiceImpl          : 记录：insert into 表名 (线路编号,线路名称,管理单位,收运时间段,车牌号,司机,联系电话) values(41.0,东涌大件物线,南沙车队,5:30:00-18:00:00,粤ACJ161/粤AGU005/粤AGU080,莫尔树/俞龙安/钟伟锋,13711009292锋13533231181树13672441374安);
2023-10-07 11:15:14.602  INFO 5964 --- [main] m.e.service.impl.RunServiceImpl          : 生成完成
2023-10-07 11:15:14.602  INFO 5964 --- [main] m.e.service.impl.RunServiceImpl          : 开始写入到sql文件
2023-10-07 11:15:14.602 DEBUG 5964 --- [main] m.e.service.impl.FileServiceImpl         : 输出文件位置：./out.sql
2023-10-07 11:15:14.602 DEBUG 5964 --- [main] m.e.service.impl.FileServiceImpl         : 写入到文件：insert into 表名 (线路编号,线路名称,管理单位,收运时间段,车牌号,司机,联系电话) values(33.0,东涌089线,南沙车队,5:30:00-18:00:00,粤AKE089,严洪强,1.3926148987E10);
2023-10-07 11:15:14.603 DEBUG 5964 --- [main] m.e.service.impl.FileServiceImpl         : 写入到文件：insert into 表名 (线路编号,线路名称,管理单位,收运时间段,车牌号,司机,联系电话) values(34.0,东涌202线,南沙车队,5:30:00-18:00:00, 粤AHM202,梁嘉威,1.3725460467E10);
2023-10-07 11:15:14.603 DEBUG 5964 --- [main] m.e.service.impl.FileServiceImpl         : 写入到文件：insert into 表名 (线路编号,线路名称,管理单位,收运时间段,车牌号,司机,联系电话) values(35.0,东涌153线,南沙车队,5:30:00-18:00:00,粤AFQ153,沈上球,1.5622005499E10);
2023-10-07 11:15:14.603 DEBUG 5964 --- [main] m.e.service.impl.FileServiceImpl         : 写入到文件：insert into 表名 (线路编号,线路名称,管理单位,收运时间段,车牌号,司机,联系电话) values(36.0,东涌一站线,南沙车队,5:30:00-18:00:00,粤AGQ282/粤AFG223/粤AHF907/粤AGA700/粤AGK683,梁永烽/郭志荣/郭桂有/李承周/梁铭光,13710300102烽13711028830荣15876522067有13434186232光15889933205周);
2023-10-07 11:15:14.603 DEBUG 5964 --- [main] m.e.service.impl.FileServiceImpl         : 写入到文件：insert into 表名 (线路编号,线路名称,管理单位,收运时间段,车牌号,司机,联系电话) values(37.0,东涌二站线,南沙车队,5:30:00-18:00:00,粤AGQ282/粤AFG223/粤AHF907/粤AGA700/粤AGK683,梁永烽/郭志荣/郭桂有/李承周/梁铭光,13710300102烽13711028830荣15876522067有13434186232光15889933205周);
2023-10-07 11:15:14.603 DEBUG 5964 --- [main] m.e.service.impl.FileServiceImpl         : 写入到文件：insert into 表名 (线路编号,线路名称,管理单位,收运时间段,车牌号,司机,联系电话) values(38.0,东涌三站线,南沙车队,5:30:00-18:00:00,粤AGQ282/粤AFG223/粤AHF907/粤AGA700/粤AGK683,梁永烽/郭志荣/郭桂有/李承周/梁铭光,13710300102烽13711028830荣15876522067有13434186232光15889933205周);
2023-10-07 11:15:14.603 DEBUG 5964 --- [main] m.e.service.impl.FileServiceImpl         : 写入到文件：insert into 表名 (线路编号,线路名称,管理单位,收运时间段,车牌号,司机,联系电话) values(39.0,东涌餐厨053线,南沙车队,5:30:00-18:00:00,粤AHK053,何泽文,1.3922361677E10);
2023-10-07 11:15:14.603 DEBUG 5964 --- [main] m.e.service.impl.FileServiceImpl         : 写入到文件：insert into 表名 (线路编号,线路名称,管理单位,收运时间段,车牌号,司机,联系电话) values(40.0,东涌餐厨738线,南沙车队,5:30:00-18:00:00,粤AGP738,高炳棠,1.3719428472E10);
2023-10-07 11:15:14.603 DEBUG 5964 --- [main] m.e.service.impl.FileServiceImpl         : 写入到文件：insert into 表名 (线路编号,线路名称,管理单位,收运时间段,车牌号,司机,联系电话) values(41.0,东涌大件物线,南沙车队,5:30:00-18:00:00,粤ACJ161/粤AGU005/粤AGU080,莫尔树/俞龙安/钟伟锋,13711009292锋13533231181树13672441374安);
2023-10-07 11:15:14.603  INFO 5964 --- [main] m.e.service.impl.FileServiceImpl         : 写入完成，一共9条数据
2023-10-07 11:15:14.603  INFO 5964 --- [main] m.e.service.impl.RunServiceImpl          : 数据全部写入完成
2023-10-07 11:15:14.603 DEBUG 5964 --- [main] m.e.service.impl.TemplateServiceImpl     : 日志输出文件位置：./template.log
2023-10-07 11:15:14.604 DEBUG 5964 --- [main] m.e.service.impl.TemplateServiceImpl     : 输出日志：'2023-10-07 11:15:14		./in6.xlsx		insert into 表名 (线路编号,线路名称,管理单位,收运时间段,车牌号,司机,联系电话) values(${线路编号},${线路名称},${管理单位},${收运时间段},${车牌号},${司机},${联系电话});'
2023-10-07 11:15:14.604  INFO 5964 --- [main] m.e.service.impl.RunServiceImpl          : 跳过执行sql步骤
2023-10-07 11:15:14.604  INFO 5964 --- [main] m.e.service.impl.RunServiceImpl          : 任务完成
